Warning[205] C:\USERS\PC DELL\ONEDRIVE\DOCUMENTS\NHU\MASTER.ASM 1 : Found directive in column 1. (PROCESSOR)
Warning[215] C:\USERS\PC DELL\ONEDRIVE\DOCUMENTS\NHU\MASTER.ASM 1 : Processor superseded by command line.  Verify processor symbol.
Message[301] C:\PROGRAM FILES (X86)\MICROCHIP\MPASM SUITE\P16F877A.INC 33 : MESSAGE: (Processor-header file mismatch.  Verify selected processor.)
Warning[205] C:\USERS\PC DELL\ONEDRIVE\DOCUMENTS\NHU\MASTER.ASM 3 : Found directive in column 1. (__CONFIG)
Warning[205] C:\USERS\PC DELL\ONEDRIVE\DOCUMENTS\NHU\MASTER.ASM 5 : Found directive in column 1. (CBLOCK)
Warning[205] C:\USERS\PC DELL\ONEDRIVE\DOCUMENTS\NHU\MASTER.ASM 8 : Found directive in column 1. (ENDC)
Warning[205] C:\USERS\PC DELL\ONEDRIVE\DOCUMENTS\NHU\MASTER.ASM 9 : Found directive in column 1. (ORG)
Warning[203] C:\USERS\PC DELL\ONEDRIVE\DOCUMENTS\NHU\MASTER.ASM 11 : Found opcode in column 1. (BSF)
Warning[203] C:\USERS\PC DELL\ONEDRIVE\DOCUMENTS\NHU\MASTER.ASM 12 : Found opcode in column 1. (BSF)
Warning[203] C:\USERS\PC DELL\ONEDRIVE\DOCUMENTS\NHU\MASTER.ASM 13 : Found opcode in column 1. (MOVLW)
Warning[203] C:\USERS\PC DELL\ONEDRIVE\DOCUMENTS\NHU\MASTER.ASM 14 : Found opcode in column 1. (MOVWF)
Message[302] C:\USERS\PC DELL\ONEDRIVE\DOCUMENTS\NHU\MASTER.ASM 14 : Register in operand not in bank 0.  Ensure that bank bits are correct.
Warning[203] C:\USERS\PC DELL\ONEDRIVE\DOCUMENTS\NHU\MASTER.ASM 16 : Found opcode in column 1. (CLRF)
Message[302] C:\USERS\PC DELL\ONEDRIVE\DOCUMENTS\NHU\MASTER.ASM 16 : Register in operand not in bank 0.  Ensure that bank bits are correct.
Warning[203] C:\USERS\PC DELL\ONEDRIVE\DOCUMENTS\NHU\MASTER.ASM 17 : Found opcode in column 1. (MOVLW)
Warning[203] C:\USERS\PC DELL\ONEDRIVE\DOCUMENTS\NHU\MASTER.ASM 18 : Found opcode in column 1. (MOVWF)
Message[302] C:\USERS\PC DELL\ONEDRIVE\DOCUMENTS\NHU\MASTER.ASM 18 : Register in operand not in bank 0.  Ensure that bank bits are correct.
Warning[203] C:\USERS\PC DELL\ONEDRIVE\DOCUMENTS\NHU\MASTER.ASM 19 : Found opcode in column 1. (BCF)
Message[302] C:\USERS\PC DELL\ONEDRIVE\DOCUMENTS\NHU\MASTER.ASM 19 : Register in operand not in bank 0.  Ensure that bank bits are correct.
Warning[203] C:\USERS\PC DELL\ONEDRIVE\DOCUMENTS\NHU\MASTER.ASM 20 : Found opcode in column 1. (BCF)
Message[302] C:\USERS\PC DELL\ONEDRIVE\DOCUMENTS\NHU\MASTER.ASM 20 : Register in operand not in bank 0.  Ensure that bank bits are correct.
Warning[203] C:\USERS\PC DELL\ONEDRIVE\DOCUMENTS\NHU\MASTER.ASM 21 : Found opcode in column 1. (BSF)
Message[302] C:\USERS\PC DELL\ONEDRIVE\DOCUMENTS\NHU\MASTER.ASM 21 : Register in operand not in bank 0.  Ensure that bank bits are correct.
Warning[203] C:\USERS\PC DELL\ONEDRIVE\DOCUMENTS\NHU\MASTER.ASM 22 : Found opcode in column 1. (CLRF)
Message[302] C:\USERS\PC DELL\ONEDRIVE\DOCUMENTS\NHU\MASTER.ASM 22 : Register in operand not in bank 0.  Ensure that bank bits are correct.
Warning[203] C:\USERS\PC DELL\ONEDRIVE\DOCUMENTS\NHU\MASTER.ASM 24 : Found opcode in column 1. (BSF)
Message[302] C:\USERS\PC DELL\ONEDRIVE\DOCUMENTS\NHU\MASTER.ASM 24 : Register in operand not in bank 0.  Ensure that bank bits are correct.
Warning[203] C:\USERS\PC DELL\ONEDRIVE\DOCUMENTS\NHU\MASTER.ASM 25 : Found opcode in column 1. (BCF)
Message[302] C:\USERS\PC DELL\ONEDRIVE\DOCUMENTS\NHU\MASTER.ASM 25 : Register in operand not in bank 0.  Ensure that bank bits are correct.
Warning[203] C:\USERS\PC DELL\ONEDRIVE\DOCUMENTS\NHU\MASTER.ASM 26 : Found opcode in column 1. (BSF)
Message[302] C:\USERS\PC DELL\ONEDRIVE\DOCUMENTS\NHU\MASTER.ASM 26 : Register in operand not in bank 0.  Ensure that bank bits are correct.
Warning[203] C:\USERS\PC DELL\ONEDRIVE\DOCUMENTS\NHU\MASTER.ASM 28 : Found opcode in column 1. (BCF)
Warning[203] C:\USERS\PC DELL\ONEDRIVE\DOCUMENTS\NHU\MASTER.ASM 30 : Found opcode in column 1. (BSF)
Warning[203] C:\USERS\PC DELL\ONEDRIVE\DOCUMENTS\NHU\MASTER.ASM 31 : Found opcode in column 1. (BCF)
Warning[203] C:\USERS\PC DELL\ONEDRIVE\DOCUMENTS\NHU\MASTER.ASM 32 : Found opcode in column 1. (BCF)
Warning[203] C:\USERS\PC DELL\ONEDRIVE\DOCUMENTS\NHU\MASTER.ASM 33 : Found opcode in column 1. (BCF)
Warning[203] C:\USERS\PC DELL\ONEDRIVE\DOCUMENTS\NHU\MASTER.ASM 34 : Found opcode in column 1. (BSF)
Warning[203] C:\USERS\PC DELL\ONEDRIVE\DOCUMENTS\NHU\MASTER.ASM 35 : Found opcode in column 1. (BCF)
Warning[203] C:\USERS\PC DELL\ONEDRIVE\DOCUMENTS\NHU\MASTER.ASM 37 : Found opcode in column 1. (CLRF)
Warning[203] C:\USERS\PC DELL\ONEDRIVE\DOCUMENTS\NHU\MASTER.ASM 39 : Found opcode in column 1. (BCF)
Warning[203] C:\USERS\PC DELL\ONEDRIVE\DOCUMENTS\NHU\MASTER.ASM 41 : Found opcode in column 1. (MOVF)
Warning[203] C:\USERS\PC DELL\ONEDRIVE\DOCUMENTS\NHU\MASTER.ASM 42 : Found opcode in column 1. (MOVWF)
Warning[203] C:\USERS\PC DELL\ONEDRIVE\DOCUMENTS\NHU\MASTER.ASM 44 : Found opcode in column 1. (BSF)
Warning[203] C:\USERS\PC DELL\ONEDRIVE\DOCUMENTS\NHU\MASTER.ASM 45 : Found opcode in column 1. (BTFSS)
Message[302] C:\USERS\PC DELL\ONEDRIVE\DOCUMENTS\NHU\MASTER.ASM 45 : Register in operand not in bank 0.  Ensure that bank bits are correct.
Warning[203] C:\USERS\PC DELL\ONEDRIVE\DOCUMENTS\NHU\MASTER.ASM 46 : Found opcode in column 1. (GOTO)
Warning[203] C:\USERS\PC DELL\ONEDRIVE\DOCUMENTS\NHU\MASTER.ASM 47 : Found opcode in column 1. (BCF)
Warning[203] C:\USERS\PC DELL\ONEDRIVE\DOCUMENTS\NHU\MASTER.ASM 49 : Found opcode in column 1. (MOVF)
Warning[203] C:\USERS\PC DELL\ONEDRIVE\DOCUMENTS\NHU\MASTER.ASM 50 : Found opcode in column 1. (MOVWF)
Warning[203] C:\USERS\PC DELL\ONEDRIVE\DOCUMENTS\NHU\MASTER.ASM 51 : Found opcode in column 1. (GOTO)
Warning[205] C:\USERS\PC DELL\ONEDRIVE\DOCUMENTS\NHU\MASTER.ASM 53 : Found directive in column 1. (END)
