Warning[205] C:\USERS\PC DELL\ONEDRIVE\DOCUMENTS\NHU\SLAY.ASM 1 : Found directive in column 1. (PROCESSOR)
Warning[215] C:\USERS\PC DELL\ONEDRIVE\DOCUMENTS\NHU\SLAY.ASM 1 : Processor superseded by command line.  Verify processor symbol.
Message[301] C:\PROGRAM FILES (X86)\MICROCHIP\MPASM SUITE\P16F877A.INC 33 : MESSAGE: (Processor-header file mismatch.  Verify selected processor.)
Warning[205] C:\USERS\PC DELL\ONEDRIVE\DOCUMENTS\NHU\SLAY.ASM 3 : Found directive in column 1. (__CONFIG)
Warning[205] C:\USERS\PC DELL\ONEDRIVE\DOCUMENTS\NHU\SLAY.ASM 4 : Found directive in column 1. (CBLOCK)
Warning[205] C:\USERS\PC DELL\ONEDRIVE\DOCUMENTS\NHU\SLAY.ASM 8 : Found directive in column 1. (ENDC)
Warning[205] C:\USERS\PC DELL\ONEDRIVE\DOCUMENTS\NHU\SLAY.ASM 9 : Found directive in column 1. (ORG)
Warning[203] C:\USERS\PC DELL\ONEDRIVE\DOCUMENTS\NHU\SLAY.ASM 10 : Found opcode in column 1. (GOTO)
Warning[203] C:\USERS\PC DELL\ONEDRIVE\DOCUMENTS\NHU\SLAY.ASM 13 : Found opcode in column 1. (BSF)
Warning[203] C:\USERS\PC DELL\ONEDRIVE\DOCUMENTS\NHU\SLAY.ASM 14 : Found opcode in column 1. (MOVLW)
Warning[203] C:\USERS\PC DELL\ONEDRIVE\DOCUMENTS\NHU\SLAY.ASM 15 : Found opcode in column 1. (MOVWF)
Message[302] C:\USERS\PC DELL\ONEDRIVE\DOCUMENTS\NHU\SLAY.ASM 15 : Register in operand not in bank 0.  Ensure that bank bits are correct.
Warning[203] C:\USERS\PC DELL\ONEDRIVE\DOCUMENTS\NHU\SLAY.ASM 16 : Found opcode in column 1. (CLRF)
Message[302] C:\USERS\PC DELL\ONEDRIVE\DOCUMENTS\NHU\SLAY.ASM 16 : Register in operand not in bank 0.  Ensure that bank bits are correct.
Warning[203] C:\USERS\PC DELL\ONEDRIVE\DOCUMENTS\NHU\SLAY.ASM 17 : Found opcode in column 1. (MOVLW)
Warning[203] C:\USERS\PC DELL\ONEDRIVE\DOCUMENTS\NHU\SLAY.ASM 18 : Found opcode in column 1. (MOVWF)
Message[302] C:\USERS\PC DELL\ONEDRIVE\DOCUMENTS\NHU\SLAY.ASM 18 : Register in operand not in bank 0.  Ensure that bank bits are correct.
Warning[203] C:\USERS\PC DELL\ONEDRIVE\DOCUMENTS\NHU\SLAY.ASM 19 : Found opcode in column 1. (BCF)
Message[302] C:\USERS\PC DELL\ONEDRIVE\DOCUMENTS\NHU\SLAY.ASM 19 : Register in operand not in bank 0.  Ensure that bank bits are correct.
Warning[203] C:\USERS\PC DELL\ONEDRIVE\DOCUMENTS\NHU\SLAY.ASM 20 : Found opcode in column 1. (BSF)
Message[302] C:\USERS\PC DELL\ONEDRIVE\DOCUMENTS\NHU\SLAY.ASM 20 : Register in operand not in bank 0.  Ensure that bank bits are correct.
Warning[203] C:\USERS\PC DELL\ONEDRIVE\DOCUMENTS\NHU\SLAY.ASM 21 : Found opcode in column 1. (BSF)
Message[302] C:\USERS\PC DELL\ONEDRIVE\DOCUMENTS\NHU\SLAY.ASM 21 : Register in operand not in bank 0.  Ensure that bank bits are correct.
Warning[203] C:\USERS\PC DELL\ONEDRIVE\DOCUMENTS\NHU\SLAY.ASM 22 : Found opcode in column 1. (BSF)
Message[302] C:\USERS\PC DELL\ONEDRIVE\DOCUMENTS\NHU\SLAY.ASM 22 : Register in operand not in bank 0.  Ensure that bank bits are correct.
Warning[203] C:\USERS\PC DELL\ONEDRIVE\DOCUMENTS\NHU\SLAY.ASM 23 : Found opcode in column 1. (MOVLW)
Warning[203] C:\USERS\PC DELL\ONEDRIVE\DOCUMENTS\NHU\SLAY.ASM 24 : Found opcode in column 1. (MOVWF)
Message[302] C:\USERS\PC DELL\ONEDRIVE\DOCUMENTS\NHU\SLAY.ASM 24 : Register in operand not in bank 0.  Ensure that bank bits are correct.
Warning[203] C:\USERS\PC DELL\ONEDRIVE\DOCUMENTS\NHU\SLAY.ASM 25 : Found opcode in column 1. (BCF)
Warning[203] C:\USERS\PC DELL\ONEDRIVE\DOCUMENTS\NHU\SLAY.ASM 26 : Found opcode in column 1. (BSF)
Warning[203] C:\USERS\PC DELL\ONEDRIVE\DOCUMENTS\NHU\SLAY.ASM 27 : Found opcode in column 1. (BCF)
Warning[203] C:\USERS\PC DELL\ONEDRIVE\DOCUMENTS\NHU\SLAY.ASM 28 : Found opcode in column 1. (BCF)
Warning[203] C:\USERS\PC DELL\ONEDRIVE\DOCUMENTS\NHU\SLAY.ASM 29 : Found opcode in column 1. (BSF)
Warning[203] C:\USERS\PC DELL\ONEDRIVE\DOCUMENTS\NHU\SLAY.ASM 30 : Found opcode in column 1. (BCF)
Warning[203] C:\USERS\PC DELL\ONEDRIVE\DOCUMENTS\NHU\SLAY.ASM 31 : Found opcode in column 1. (BCF)
Warning[203] C:\USERS\PC DELL\ONEDRIVE\DOCUMENTS\NHU\SLAY.ASM 32 : Found opcode in column 1. (clrf)
Warning[203] C:\USERS\PC DELL\ONEDRIVE\DOCUMENTS\NHU\SLAY.ASM 35 : Found opcode in column 1. (MOVF)
Warning[203] C:\USERS\PC DELL\ONEDRIVE\DOCUMENTS\NHU\SLAY.ASM 36 : Found opcode in column 1. (MOVF)
Warning[203] C:\USERS\PC DELL\ONEDRIVE\DOCUMENTS\NHU\SLAY.ASM 37 : Found opcode in column 1. (MOVWF)
Warning[203] C:\USERS\PC DELL\ONEDRIVE\DOCUMENTS\NHU\SLAY.ASM 39 : Found opcode in column 1. (BSF)
Warning[203] C:\USERS\PC DELL\ONEDRIVE\DOCUMENTS\NHU\SLAY.ASM 40 : Found opcode in column 1. (BTFSS)
Message[302] C:\USERS\PC DELL\ONEDRIVE\DOCUMENTS\NHU\SLAY.ASM 40 : Register in operand not in bank 0.  Ensure that bank bits are correct.
Warning[203] C:\USERS\PC DELL\ONEDRIVE\DOCUMENTS\NHU\SLAY.ASM 41 : Found opcode in column 1. (GOTO)
Warning[203] C:\USERS\PC DELL\ONEDRIVE\DOCUMENTS\NHU\SLAY.ASM 42 : Found opcode in column 1. (BCF)
Warning[203] C:\USERS\PC DELL\ONEDRIVE\DOCUMENTS\NHU\SLAY.ASM 43 : Found opcode in column 1. (MOVF)
Warning[203] C:\USERS\PC DELL\ONEDRIVE\DOCUMENTS\NHU\SLAY.ASM 44 : Found opcode in column 1. (MOVWF)
Warning[203] C:\USERS\PC DELL\ONEDRIVE\DOCUMENTS\NHU\SLAY.ASM 46 : Found opcode in column 1. (GOTO)
Warning[205] C:\USERS\PC DELL\ONEDRIVE\DOCUMENTS\NHU\SLAY.ASM 47 : Found directive in column 1. (END)
