Warning[205] C:\USERS\ADMIN\MPLABXPROJECTS\00-99.X\NEWASMTEMPLATE.ASM 1 : Found directive in column 1. (PROCESSOR)
Warning[205] C:\USERS\ADMIN\MPLABXPROJECTS\00-99.X\NEWASMTEMPLATE.ASM 3 : Found directive in column 1. (__CONFIG)
Warning[205] C:\USERS\ADMIN\MPLABXPROJECTS\00-99.X\NEWASMTEMPLATE.ASM 4 : Found directive in column 1. (CBLOCK)
Warning[205] C:\USERS\ADMIN\MPLABXPROJECTS\00-99.X\NEWASMTEMPLATE.ASM 11 : Found directive in column 1. (ENDC)
Warning[205] C:\USERS\ADMIN\MPLABXPROJECTS\00-99.X\NEWASMTEMPLATE.ASM 12 : Found directive in column 1. (ORG)
Warning[203] C:\USERS\ADMIN\MPLABXPROJECTS\00-99.X\NEWASMTEMPLATE.ASM 13 : Found opcode in column 1. (BSF)
Warning[203] C:\USERS\ADMIN\MPLABXPROJECTS\00-99.X\NEWASMTEMPLATE.ASM 14 : Found opcode in column 1. (CLRF)
Message[302] C:\USERS\ADMIN\MPLABXPROJECTS\00-99.X\NEWASMTEMPLATE.ASM 14 : Register in operand not in bank 0.  Ensure that bank bits are correct.
Warning[203] C:\USERS\ADMIN\MPLABXPROJECTS\00-99.X\NEWASMTEMPLATE.ASM 15 : Found opcode in column 1. (CLRF)
Message[302] C:\USERS\ADMIN\MPLABXPROJECTS\00-99.X\NEWASMTEMPLATE.ASM 15 : Register in operand not in bank 0.  Ensure that bank bits are correct.
Warning[203] C:\USERS\ADMIN\MPLABXPROJECTS\00-99.X\NEWASMTEMPLATE.ASM 16 : Found opcode in column 1. (MOVLW)
Warning[203] C:\USERS\ADMIN\MPLABXPROJECTS\00-99.X\NEWASMTEMPLATE.ASM 17 : Found opcode in column 1. (MOVWF)
Message[302] C:\USERS\ADMIN\MPLABXPROJECTS\00-99.X\NEWASMTEMPLATE.ASM 17 : Register in operand not in bank 0.  Ensure that bank bits are correct.
Warning[203] C:\USERS\ADMIN\MPLABXPROJECTS\00-99.X\NEWASMTEMPLATE.ASM 18 : Found opcode in column 1. (BCF)
Warning[203] C:\USERS\ADMIN\MPLABXPROJECTS\00-99.X\NEWASMTEMPLATE.ASM 21 : Found opcode in column 1. (CLRF)
Warning[203] C:\USERS\ADMIN\MPLABXPROJECTS\00-99.X\NEWASMTEMPLATE.ASM 23 : Found opcode in column 1. (CLRF)
Warning[203] C:\USERS\ADMIN\MPLABXPROJECTS\00-99.X\NEWASMTEMPLATE.ASM 25 : Found opcode in column 1. (CALL)
Warning[203] C:\USERS\ADMIN\MPLABXPROJECTS\00-99.X\NEWASMTEMPLATE.ASM 26 : Found opcode in column 1. (CALL)
Warning[203] C:\USERS\ADMIN\MPLABXPROJECTS\00-99.X\NEWASMTEMPLATE.ASM 27 : Found opcode in column 1. (INCF)
Message[305] C:\USERS\ADMIN\MPLABXPROJECTS\00-99.X\NEWASMTEMPLATE.ASM 27 : Using default destination of 1 (file).
Warning[203] C:\USERS\ADMIN\MPLABXPROJECTS\00-99.X\NEWASMTEMPLATE.ASM 28 : Found opcode in column 1. (MOVF)
Warning[203] C:\USERS\ADMIN\MPLABXPROJECTS\00-99.X\NEWASMTEMPLATE.ASM 29 : Found opcode in column 1. (XORLW)
Warning[203] C:\USERS\ADMIN\MPLABXPROJECTS\00-99.X\NEWASMTEMPLATE.ASM 30 : Found opcode in column 1. (BTFSS)
Warning[203] C:\USERS\ADMIN\MPLABXPROJECTS\00-99.X\NEWASMTEMPLATE.ASM 31 : Found opcode in column 1. (GOTO)
Warning[203] C:\USERS\ADMIN\MPLABXPROJECTS\00-99.X\NEWASMTEMPLATE.ASM 32 : Found opcode in column 1. (INCF)
Message[305] C:\USERS\ADMIN\MPLABXPROJECTS\00-99.X\NEWASMTEMPLATE.ASM 32 : Using default destination of 1 (file).
Warning[203] C:\USERS\ADMIN\MPLABXPROJECTS\00-99.X\NEWASMTEMPLATE.ASM 33 : Found opcode in column 1. (MOVF)
Warning[203] C:\USERS\ADMIN\MPLABXPROJECTS\00-99.X\NEWASMTEMPLATE.ASM 34 : Found opcode in column 1. (XORLW)
Warning[203] C:\USERS\ADMIN\MPLABXPROJECTS\00-99.X\NEWASMTEMPLATE.ASM 35 : Found opcode in column 1. (BTFSS)
Warning[203] C:\USERS\ADMIN\MPLABXPROJECTS\00-99.X\NEWASMTEMPLATE.ASM 36 : Found opcode in column 1. (GOTO)
Warning[203] C:\USERS\ADMIN\MPLABXPROJECTS\00-99.X\NEWASMTEMPLATE.ASM 37 : Found opcode in column 1. (GOTO)
Warning[203] C:\USERS\ADMIN\MPLABXPROJECTS\00-99.X\NEWASMTEMPLATE.ASM 40 : Found opcode in column 1. (MOVLW)
Warning[203] C:\USERS\ADMIN\MPLABXPROJECTS\00-99.X\NEWASMTEMPLATE.ASM 41 : Found opcode in column 1. (MOVWF)
Warning[203] C:\USERS\ADMIN\MPLABXPROJECTS\00-99.X\NEWASMTEMPLATE.ASM 42 : Found opcode in column 1. (CALL)
Warning[203] C:\USERS\ADMIN\MPLABXPROJECTS\00-99.X\NEWASMTEMPLATE.ASM 43 : Found opcode in column 1. (DECFSZ)
Warning[203] C:\USERS\ADMIN\MPLABXPROJECTS\00-99.X\NEWASMTEMPLATE.ASM 44 : Found opcode in column 1. (GOTO)
Warning[203] C:\USERS\ADMIN\MPLABXPROJECTS\00-99.X\NEWASMTEMPLATE.ASM 45 : Found opcode in column 1. (RETURN)
Warning[203] C:\USERS\ADMIN\MPLABXPROJECTS\00-99.X\NEWASMTEMPLATE.ASM 48 : Found opcode in column 1. (MOVLW)
Warning[203] C:\USERS\ADMIN\MPLABXPROJECTS\00-99.X\NEWASMTEMPLATE.ASM 49 : Found opcode in column 1. (MOVWF)
Warning[203] C:\USERS\ADMIN\MPLABXPROJECTS\00-99.X\NEWASMTEMPLATE.ASM 50 : Found opcode in column 1. (MOVF)
Warning[203] C:\USERS\ADMIN\MPLABXPROJECTS\00-99.X\NEWASMTEMPLATE.ASM 51 : Found opcode in column 1. (MOVWF)
Warning[203] C:\USERS\ADMIN\MPLABXPROJECTS\00-99.X\NEWASMTEMPLATE.ASM 52 : Found opcode in column 1. (CALL)
Warning[203] C:\USERS\ADMIN\MPLABXPROJECTS\00-99.X\NEWASMTEMPLATE.ASM 53 : Found opcode in column 1. (MOVLW)
Warning[203] C:\USERS\ADMIN\MPLABXPROJECTS\00-99.X\NEWASMTEMPLATE.ASM 54 : Found opcode in column 1. (MOVWF)
Warning[203] C:\USERS\ADMIN\MPLABXPROJECTS\00-99.X\NEWASMTEMPLATE.ASM 55 : Found opcode in column 1. (MOVF)
Warning[203] C:\USERS\ADMIN\MPLABXPROJECTS\00-99.X\NEWASMTEMPLATE.ASM 56 : Found opcode in column 1. (MOVWF)
Warning[203] C:\USERS\ADMIN\MPLABXPROJECTS\00-99.X\NEWASMTEMPLATE.ASM 57 : Found opcode in column 1. (CALL)
Warning[203] C:\USERS\ADMIN\MPLABXPROJECTS\00-99.X\NEWASMTEMPLATE.ASM 58 : Found opcode in column 1. (RETURN)
Warning[203] C:\USERS\ADMIN\MPLABXPROJECTS\00-99.X\NEWASMTEMPLATE.ASM 61 : Found opcode in column 1. (MOVF)
Warning[203] C:\USERS\ADMIN\MPLABXPROJECTS\00-99.X\NEWASMTEMPLATE.ASM 62 : Found opcode in column 1. (CALL)
Warning[203] C:\USERS\ADMIN\MPLABXPROJECTS\00-99.X\NEWASMTEMPLATE.ASM 63 : Found opcode in column 1. (MOVWF)
Warning[203] C:\USERS\ADMIN\MPLABXPROJECTS\00-99.X\NEWASMTEMPLATE.ASM 64 : Found opcode in column 1. (MOVF)
Warning[203] C:\USERS\ADMIN\MPLABXPROJECTS\00-99.X\NEWASMTEMPLATE.ASM 65 : Found opcode in column 1. (CALL)
Warning[203] C:\USERS\ADMIN\MPLABXPROJECTS\00-99.X\NEWASMTEMPLATE.ASM 66 : Found opcode in column 1. (MOVWF)
Warning[203] C:\USERS\ADMIN\MPLABXPROJECTS\00-99.X\NEWASMTEMPLATE.ASM 67 : Found opcode in column 1. (RETURN)
Warning[203] C:\USERS\ADMIN\MPLABXPROJECTS\00-99.X\NEWASMTEMPLATE.ASM 70 : Found opcode in column 1. (ADDWF)
Warning[205] C:\USERS\ADMIN\MPLABXPROJECTS\00-99.X\NEWASMTEMPLATE.ASM 71 : Found directive in column 1. (DT)
Warning[203] C:\USERS\ADMIN\MPLABXPROJECTS\00-99.X\NEWASMTEMPLATE.ASM 74 : Found opcode in column 1. (MOVLW)
Warning[203] C:\USERS\ADMIN\MPLABXPROJECTS\00-99.X\NEWASMTEMPLATE.ASM 75 : Found opcode in column 1. (MOVWF)
Warning[203] C:\USERS\ADMIN\MPLABXPROJECTS\00-99.X\NEWASMTEMPLATE.ASM 76 : Found opcode in column 1. (DECFSZ)
Warning[203] C:\USERS\ADMIN\MPLABXPROJECTS\00-99.X\NEWASMTEMPLATE.ASM 77 : Found opcode in column 1. (GOTO)
Warning[203] C:\USERS\ADMIN\MPLABXPROJECTS\00-99.X\NEWASMTEMPLATE.ASM 78 : Found opcode in column 1. (RETURN)
Warning[205] C:\USERS\ADMIN\MPLABXPROJECTS\00-99.X\NEWASMTEMPLATE.ASM 79 : Found directive in column 1. (END)
