MPASM  5.51                          LED1.ASM   6-13-2024  22:36:21         PAGE  1


LOC  OBJECT CODE     LINE SOURCE TEXT
  VALUE

                      00001 
                      00002     
                      00003    PROCESSOR PIC16F87
                      00004     #INCLUDE <P16F87.INC>
                      00001         LIST
                      00002 
                      00003 ;==========================================================================
                      00004 ;  MPASM PIC16F87 processor include
                      00005 ; 
                      00006 ;  (c) Copyright 1999-2013 Microchip Technology, All rights reserved
                      00007 ;==========================================================================
                      00008 
Message[301]: MESSAGE: (Processor-header file mismatch.  Verify selected processor.)
                      00509         LIST
                      00005     
Warning[207]: Found label after column 1. (DEM)
  00000020            00006     DEM EQU 0X20   
Warning[207]: Found label after column 1. (COUNT)
  00000021            00007     COUNT EQU 0X21   
Warning[207]: Found label after column 1. (COUNT1)
  00000022            00008     COUNT1 EQU 0X22   
                      00009     ORG 0X00            
0000   2???           00010     GOTO MAIN
                      00011 
0001                  00012 MAIN 
0001   1683 1303      00013     BANKSEL TRISB       ;chon bo nho ngan hang ma thanh ghi trisb thuoc va xoa no de cau cau hinh cua po
                            rt B la dau ra
Message[302]: Register in operand not in bank 0.  Ensure that bank bits are correct.
0003   0186           00014     CLRF TRISB
0004   1283 1303      00015     BANKSEL PORTB   ;xoa DEM de khoi tao dem =0
0006   01A0           00016     CLRF DEM
0007   30FF           00017     MOVLW 0xFF  ; Khoi tao gia tri ban dau cua portB
0008   0086           00018     MOVWF PORTB
0009                  00019 LOOP                   ;Vong lap
0009   0820           00020     MOVF DEM, W
000A   2???           00021     CALL MANG_MA             ;lay gia tri cua dem va gui vao W
000B   0086           00022     MOVWF PORTB
000C   2???           00023     CALL DELAY
000D   0AA0           00024     INCF DEM, F  ; Tang giá tri dem len 1
                      00025     
000E   0820           00026     MOVF DEM, W ; Kiem tra DEM có bang 10 không, neu có thì d?t DEM = 0
000F   3C0A           00027     SUBLW D'10'
0010   1D03           00028     BTFSS STATUS, Z
0011   2???           00029     GOTO LOOP_END
0012   01A0           00030     CLRF DEM
0013                  00031 LOOP_END
0013   2???           00032     GOTO LOOP
                      00033 
0014                  00034 MANG_MA
0014   0782           00035     ADDWF PCL, F
0015   343F 3406 345B 00036     DT 0x3F, 0x06, 0x5B, 0x4F, 0x66, 0x6D, 0x7D, 0x07, 0x7F,0x6F
       344F 3466 346D 
       347D 3407 347F 
MPASM  5.51                          LED1.ASM   6-13-2024  22:36:21         PAGE  2


LOC  OBJECT CODE     LINE SOURCE TEXT
  VALUE

       346F 
                      00037 
001F                  00038 DELAY 
001F   30FF           00039     MOVLW 0xFF
0020   00A1           00040     MOVWF COUNT
0021                  00041 DELAY_LOOP
0021   30FF           00042     MOVLW 0xFF
0022   00A2           00043     MOVWF COUNT1
0023                  00044 DELAY_LOOP1
0023   0BA2           00045     DECFSZ COUNT1, F
0024   2???           00046     GOTO DELAY_LOOP1
0025   0BA1           00047     DECFSZ COUNT, F
0026   2???           00048     GOTO DELAY_LOOP
0027   0008           00049     RETURN
                      00050 
Warning[205]: Found directive in column 1. (END)
                      00051 END
MPASM  5.51                          LED1.ASM   6-13-2024  22:36:21         PAGE  3


SYMBOL TABLE
  LABEL                             VALUE 

ADDEN                             00000003
BF                                00000000
BRGH                              00000002
C                                 00000000
C1INV                             00000004
C1OUT                             00000006
C2INV                             00000005
C2OUT                             00000007
CCP1CON                           00000017
CCP1IE                            00000002
CCP1IF                            00000002
CCP1M0                            00000000
CCP1M1                            00000001
CCP1M2                            00000002
CCP1M3                            00000003
CCP1X                             00000005
CCP1Y                             00000004
CCPR1                             00000015
CCPR1H                            00000016
CCPR1L                            00000015
CIS                               00000003
CKE                               00000006
CKP                               00000004
CM0                               00000000
CM1                               00000001
CM2                               00000002
CMCON                             0000009C
CMIE                              00000006
CMIF                              00000006
COUNT                             00000021
COUNT1                            00000022
CREN                              00000004
CSRC                              00000007
CVR0                              00000000
CVR1                              00000001
CVR2                              00000002
CVR3                              00000003
CVRCON                            0000009D
CVREN                             00000007
CVROE                             00000006
CVRR                              00000005
D                                 00000005
DATA_ADDRESS                      00000005
DC                                00000001
DELAY                             0000001F
DELAY_LOOP                        00000021
DELAY_LOOP1                       00000023
DEM                               00000020
D_A                               00000005
D_NOT_A                           00000005
EEADR                             0000010D
EEADRH                            0000010F
EECON1                            0000018C
MPASM  5.51                          LED1.ASM   6-13-2024  22:36:21         PAGE  4


SYMBOL TABLE
  LABEL                             VALUE 

EECON2                            0000018D
EEDATA                            0000010C
EEDATH                            0000010E
EEIE                              00000004
EEIF                              00000004
EEPGD                             00000007
F                                 00000001
FERR                              00000002
FREE                              00000004
FSR                               00000004
GIE                               00000007
I2C_DATA                          00000005
I2C_READ                          00000002
I2C_START                         00000003
I2C_STOP                          00000004
INDF                              00000000
INT0IE                            00000004
INT0IF                            00000001
INTCON                            0000000B
INTE                              00000004
INTEDG                            00000006
INTF                              00000001
IOFS                              00000002
IRCF0                             00000004
IRCF1                             00000005
IRCF2                             00000006
IRP                               00000007
LOOP                              00000009
LOOP_END                          00000013
MAIN                              00000001
MANG_MA                           00000014
NOT_A                             00000005
NOT_ADDRESS                       00000005
NOT_BO                            00000000
NOT_BOR                           00000000
NOT_PD                            00000003
NOT_POR                           00000001
NOT_RBPU                          00000007
NOT_RC8                           00000006
NOT_T1SYNC                        00000002
NOT_TO                            00000004
NOT_TX8                           00000006
NOT_W                             00000002
NOT_WRITE                         00000002
OERR                              00000001
OPTION_REG                        00000081
OSCCON                            0000008F
OSCTUNE                           00000090
OSFIE                             00000007
OSFIF                             00000007
OSTS                              00000003
P                                 00000004
PCL                               00000002
MPASM  5.51                          LED1.ASM   6-13-2024  22:36:21         PAGE  5


SYMBOL TABLE
  LABEL                             VALUE 

PCLATH                            0000000A
PCON                              0000008E
PEIE                              00000006
PIE1                              0000008C
PIE2                              0000008D
PIR1                              0000000C
PIR2                              0000000D
PORTA                             00000005
PORTB                             00000006
PR2                               00000092
PS0                               00000000
PS1                               00000001
PS2                               00000002
PSA                               00000003
R                                 00000002
RA0                               00000000
RA1                               00000001
RA2                               00000002
RA3                               00000003
RA4                               00000004
RA5                               00000005
RA6                               00000006
RA7                               00000007
RB0                               00000000
RB1                               00000001
RB2                               00000002
RB3                               00000003
RB4                               00000004
RB5                               00000005
RB6                               00000006
RB7                               00000007
RBIE                              00000003
RBIF                              00000000
RC8_9                             00000006
RC9                               00000006
RCD8                              00000000
RCIE                              00000005
RCIF                              00000005
RCREG                             0000001A
RCSTA                             00000018
RD                                00000000
READ_WRITE                        00000002
RP0                               00000005
RP1                               00000006
RX9                               00000006
RX9D                              00000000
R_NOT_W                           00000002
R_W                               00000002
S                                 00000003
SCS0                              00000000
SCS1                              00000001
SMP                               00000007
SPBRG                             00000099
MPASM  5.51                          LED1.ASM   6-13-2024  22:36:21         PAGE  6


SYMBOL TABLE
  LABEL                             VALUE 

SPEN                              00000007
SREN                              00000005
SSPADD                            00000093
SSPBUF                            00000013
SSPCON                            00000014
SSPEN                             00000005
SSPIE                             00000003
SSPIF                             00000003
SSPM0                             00000000
SSPM1                             00000001
SSPM2                             00000002
SSPM3                             00000003
SSPOV                             00000006
SSPSTAT                           00000094
STATUS                            00000003
SWDTE                             00000000
SWDTEN                            00000000
SYNC                              00000004
T0CS                              00000005
T0SE                              00000004
T1CKPS0                           00000004
T1CKPS1                           00000005
T1CON                             00000010
T1INSYNC                          00000002
T1OSCEN                           00000003
T1RUN                             00000006
T2CKPS0                           00000000
T2CKPS1                           00000001
T2CON                             00000012
TMR0                              00000001
TMR0IE                            00000005
TMR0IF                            00000002
TMR1                              0000000E
TMR1CS                            00000001
TMR1H                             0000000F
TMR1IE                            00000000
TMR1IF                            00000000
TMR1L                             0000000E
TMR1ON                            00000000
TMR2                              00000011
TMR2IE                            00000001
TMR2IF                            00000001
TMR2ON                            00000002
TOUTPS0                           00000003
TOUTPS1                           00000004
TOUTPS2                           00000005
TOUTPS3                           00000006
TRISA                             00000085
TRISA0                            00000000
TRISA1                            00000001
TRISA2                            00000002
TRISA3                            00000003
TRISA4                            00000004
MPASM  5.51                          LED1.ASM   6-13-2024  22:36:21         PAGE  7


SYMBOL TABLE
  LABEL                             VALUE 

TRISA5                            00000005
TRISA6                            00000006
TRISA7                            00000007
TRISB                             00000086
TRISB0                            00000000
TRISB1                            00000001
TRISB2                            00000002
TRISB3                            00000003
TRISB4                            00000004
TRISB5                            00000005
TRISB6                            00000006
TRISB7                            00000007
TRMT                              00000001
TUN0                              00000000
TUN1                              00000001
TUN2                              00000002
TUN3                              00000003
TUN4                              00000004
TUN5                              00000005
TX8_9                             00000006
TX9                               00000006
TX9D                              00000000
TXD8                              00000000
TXEN                              00000005
TXIE                              00000004
TXIF                              00000004
TXREG                             00000019
TXSTA                             00000098
UA                                00000001
W                                 00000000
WCOL                              00000007
WDTCON                            00000105
WDTPS0                            00000001
WDTPS1                            00000002
WDTPS2                            00000003
WDTPS3                            00000004
WR                                00000001
WREN                              00000002
WRERR                             00000003
Z                                 00000002
_BODEN_OFF                        00003FBF
_BODEN_ON                         00003FFF
_BOREN_OFF                        00003FBF
_BOREN_ON                         00003FFF
_CCP1_RB0                         00003FFF
_CCP1_RB3                         00002FFF
_CCPMX_RB0                        00003FFF
_CCPMX_RB3                        00002FFF
_CONFIG1                          00002007
_CONFIG2                          00002008
_CPD_OFF                          00003FFF
_CPD_ON                           00003EFF
_CP_ALL                           00001FFF
MPASM  5.51                          LED1.ASM   6-13-2024  22:36:21         PAGE  8


SYMBOL TABLE
  LABEL                             VALUE 

_CP_OFF                           00003FFF
_CP_ON                            00001FFF
_DEBUG_OFF                        00003FFF
_DEBUG_ON                         000037FF
_DEVID1                           00002006
_EXTCLK                           00003FEF
_EXTRC_CLKOUT                     00003FFF
_EXTRC_IO                         00003FFE
_FCMEN_OFF                        00003FFE
_FCMEN_ON                         00003FFF
_FOSC_EC                          00003FEF
_FOSC_EXTRCCLK                    00003FFF
_FOSC_EXTRCIO                     00003FFE
_FOSC_HS                          00003FEE
_FOSC_INTOSCCLK                   00003FFD
_FOSC_INTOSCIO                    00003FFC
_FOSC_LP                          00003FEC
_FOSC_XT                          00003FED
_HS_OSC                           00003FEE
_IDLOC0                           00002000
_IDLOC1                           00002001
_IDLOC2                           00002002
_IDLOC3                           00002003
_IESO_OFF                         00003FFD
_IESO_ON                          00003FFF
_INTRC_CLKOUT                     00003FFD
_INTRC_IO                         00003FFC
_LP_OSC                           00003FEC
_LVP_OFF                          00003F7F
_LVP_ON                           00003FFF
_MCLRE_OFF                        00003FDF
_MCLRE_ON                         00003FFF
_MCLR_OFF                         00003FDF
_MCLR_ON                          00003FFF
_PWRTE_OFF                        00003FFF
_PWRTE_ON                         00003FF7
_WDTE_OFF                         00003FFB
_WDTE_ON                          00003FFF
_WDT_OFF                          00003FFB
_WDT_ON                           00003FFF
_WRT_2048                         00003BFF
_WRT_256                          00003DFF
_WRT_ALL                          000039FF
_WRT_OFF                          00003FFF
_WRT_PROTECT_2048                 00003BFF
_WRT_PROTECT_256                  00003DFF
_WRT_PROTECT_ALL                  000039FF
_WRT_PROTECT_OFF                  00003FFF
_XT_OSC                           00003FED
__16F877                          00000001
__DEBUG                           1

MPASM  5.51                          LED1.ASM   6-13-2024  22:36:21         PAGE  9





Errors   :     0
Warnings :     4 reported,     0 suppressed
Messages :     2 reported,     0 suppressed

